<?xml version="1.0" encoding="UTF-8"?>
<testsuite xmlns:xsi="http://www.w3.org/2001/XMLSchema-instance" xsi:noNamespaceSchemaLocation="https://maven.apache.org/surefire/maven-surefire-plugin/xsd/surefire-test-report.xsd" name="TestSumDigits" time="0.049" tests="4" errors="0" skipped="0" failures="0">
  <properties>
    <property name="java.specification.version" value="15"/>
    <property name="sun.jnu.encoding" value="UTF-8"/>
    <property name="java.class.path" value="/Users/qweezique/IdeaProjects/java_basics/04_NumbersStringsAndDates/homework_4.1/IntegerExperiments/target/test-classes:/Users/qweezique/IdeaProjects/java_basics/04_NumbersStringsAndDates/homework_4.1/IntegerExperiments/target/classes:/Users/qweezique/.m2/repository/org/junit/jupiter/junit-jupiter-api/5.6.2/junit-jupiter-api-5.6.2.jar:/Users/qweezique/.m2/repository/org/apiguardian/apiguardian-api/1.1.0/apiguardian-api-1.1.0.jar:/Users/qweezique/.m2/repository/org/opentest4j/opentest4j/1.2.0/opentest4j-1.2.0.jar:/Users/qweezique/.m2/repository/org/junit/platform/junit-platform-commons/1.6.2/junit-platform-commons-1.6.2.jar:/Users/qweezique/.m2/repository/org/junit/jupiter/junit-jupiter-engine/5.6.2/junit-jupiter-engine-5.6.2.jar:/Users/qweezique/.m2/repository/org/junit/platform/junit-platform-engine/1.6.2/junit-platform-engine-1.6.2.jar:/Users/qweezique/.m2/repository/com/puppycrawl/tools/checkstyle/8.34/checkstyle-8.34.jar:/Users/qweezique/.m2/repository/info/picocli/picocli/4.3.2/picocli-4.3.2.jar:/Users/qweezique/.m2/repository/antlr/antlr/2.7.7/antlr-2.7.7.jar:/Users/qweezique/.m2/repository/org/antlr/antlr4-runtime/4.8-1/antlr4-runtime-4.8-1.jar:/Users/qweezique/.m2/repository/commons-beanutils/commons-beanutils/1.9.4/commons-beanutils-1.9.4.jar:/Users/qweezique/.m2/repository/commons-logging/commons-logging/1.2/commons-logging-1.2.jar:/Users/qweezique/.m2/repository/commons-collections/commons-collections/3.2.2/commons-collections-3.2.2.jar:/Users/qweezique/.m2/repository/com/google/guava/guava/29.0-jre/guava-29.0-jre.jar:/Users/qweezique/.m2/repository/com/google/guava/failureaccess/1.0.1/failureaccess-1.0.1.jar:/Users/qweezique/.m2/repository/com/google/guava/listenablefuture/9999.0-empty-to-avoid-conflict-with-guava/listenablefuture-9999.0-empty-to-avoid-conflict-with-guava.jar:/Users/qweezique/.m2/repository/com/google/code/findbugs/jsr305/3.0.2/jsr305-3.0.2.jar:/Users/qweezique/.m2/repository/org/checkerframework/checker-qual/2.11.1/checker-qual-2.11.1.jar:/Users/qweezique/.m2/repository/com/google/errorprone/error_prone_annotations/2.3.4/error_prone_annotations-2.3.4.jar:/Users/qweezique/.m2/repository/com/google/j2objc/j2objc-annotations/1.3/j2objc-annotations-1.3.jar:/Users/qweezique/.m2/repository/net/sf/saxon/Saxon-HE/9.9.1-7/Saxon-HE-9.9.1-7.jar:"/>
    <property name="java.vm.vendor" value="Oracle Corporation"/>
    <property name="sun.arch.data.model" value="64"/>
    <property name="java.vendor.url" value="https://java.oracle.com/"/>
    <property name="os.name" value="Mac OS X"/>
    <property name="java.vm.specification.version" value="15"/>
    <property name="sun.java.launcher" value="SUN_STANDARD"/>
    <property name="user.country" value="RU"/>
    <property name="sun.boot.library.path" value="/Users/qweezique/Library/Java/JavaVirtualMachines/openjdk-15.0.1/Contents/Home/lib"/>
    <property name="sun.java.command" value="/Users/qweezique/IdeaProjects/java_basics/04_NumbersStringsAndDates/homework_4.1/IntegerExperiments/target/surefire/surefirebooter4861892421689155922.jar /Users/qweezique/IdeaProjects/java_basics/04_NumbersStringsAndDates/homework_4.1/IntegerExperiments/target/surefire 2021-02-01T14-30-42_191-jvmRun1 surefire4557586148599341701tmp surefire_04426900549211681822tmp"/>
    <property name="http.nonProxyHosts" value="local|*.local|169.254/16|*.169.254/16"/>
    <property name="jdk.debug" value="release"/>
    <property name="surefire.test.class.path" value="/Users/qweezique/IdeaProjects/java_basics/04_NumbersStringsAndDates/homework_4.1/IntegerExperiments/target/test-classes:/Users/qweezique/IdeaProjects/java_basics/04_NumbersStringsAndDates/homework_4.1/IntegerExperiments/target/classes:/Users/qweezique/.m2/repository/org/junit/jupiter/junit-jupiter-api/5.6.2/junit-jupiter-api-5.6.2.jar:/Users/qweezique/.m2/repository/org/apiguardian/apiguardian-api/1.1.0/apiguardian-api-1.1.0.jar:/Users/qweezique/.m2/repository/org/opentest4j/opentest4j/1.2.0/opentest4j-1.2.0.jar:/Users/qweezique/.m2/repository/org/junit/platform/junit-platform-commons/1.6.2/junit-platform-commons-1.6.2.jar:/Users/qweezique/.m2/repository/org/junit/jupiter/junit-jupiter-engine/5.6.2/junit-jupiter-engine-5.6.2.jar:/Users/qweezique/.m2/repository/org/junit/platform/junit-platform-engine/1.6.2/junit-platform-engine-1.6.2.jar:/Users/qweezique/.m2/repository/com/puppycrawl/tools/checkstyle/8.34/checkstyle-8.34.jar:/Users/qweezique/.m2/repository/info/picocli/picocli/4.3.2/picocli-4.3.2.jar:/Users/qweezique/.m2/repository/antlr/antlr/2.7.7/antlr-2.7.7.jar:/Users/qweezique/.m2/repository/org/antlr/antlr4-runtime/4.8-1/antlr4-runtime-4.8-1.jar:/Users/qweezique/.m2/repository/commons-beanutils/commons-beanutils/1.9.4/commons-beanutils-1.9.4.jar:/Users/qweezique/.m2/repository/commons-logging/commons-logging/1.2/commons-logging-1.2.jar:/Users/qweezique/.m2/repository/commons-collections/commons-collections/3.2.2/commons-collections-3.2.2.jar:/Users/qweezique/.m2/repository/com/google/guava/guava/29.0-jre/guava-29.0-jre.jar:/Users/qweezique/.m2/repository/com/google/guava/failureaccess/1.0.1/failureaccess-1.0.1.jar:/Users/qweezique/.m2/repository/com/google/guava/listenablefuture/9999.0-empty-to-avoid-conflict-with-guava/listenablefuture-9999.0-empty-to-avoid-conflict-with-guava.jar:/Users/qweezique/.m2/repository/com/google/code/findbugs/jsr305/3.0.2/jsr305-3.0.2.jar:/Users/qweezique/.m2/repository/org/checkerframework/checker-qual/2.11.1/checker-qual-2.11.1.jar:/Users/qweezique/.m2/repository/com/google/errorprone/error_prone_annotations/2.3.4/error_prone_annotations-2.3.4.jar:/Users/qweezique/.m2/repository/com/google/j2objc/j2objc-annotations/1.3/j2objc-annotations-1.3.jar:/Users/qweezique/.m2/repository/net/sf/saxon/Saxon-HE/9.9.1-7/Saxon-HE-9.9.1-7.jar:"/>
    <property name="sun.cpu.endian" value="little"/>
    <property name="user.home" value="/Users/qweezique"/>
    <property name="user.language" value="ru"/>
    <property name="java.specification.vendor" value="Oracle Corporation"/>
    <property name="java.version.date" value="2020-10-20"/>
    <property name="java.home" value="/Users/qweezique/Library/Java/JavaVirtualMachines/openjdk-15.0.1/Contents/Home"/>
    <property name="file.separator" value="/"/>
    <property name="basedir" value="/Users/qweezique/IdeaProjects/java_basics/04_NumbersStringsAndDates/homework_4.1/IntegerExperiments"/>
    <property name="java.vm.compressedOopsMode" value="Zero based"/>
    <property name="line.separator" value="&#10;"/>
    <property name="java.specification.name" value="Java Platform API Specification"/>
    <property name="java.vm.specification.vendor" value="Oracle Corporation"/>
    <property name="surefire.real.class.path" value="/Users/qweezique/IdeaProjects/java_basics/04_NumbersStringsAndDates/homework_4.1/IntegerExperiments/target/surefire/surefirebooter4861892421689155922.jar"/>
    <property name="sun.management.compiler" value="HotSpot 64-Bit Tiered Compilers"/>
    <property name="ftp.nonProxyHosts" value="local|*.local|169.254/16|*.169.254/16"/>
    <property name="java.runtime.version" value="15.0.1+9-18"/>
    <property name="user.name" value="qweezique"/>
    <property name="path.separator" value=":"/>
    <property name="os.version" value="10.16"/>
    <property name="java.runtime.name" value="OpenJDK Runtime Environment"/>
    <property name="file.encoding" value="UTF-8"/>
    <property name="java.vm.name" value="OpenJDK 64-Bit Server VM"/>
    <property name="localRepository" value="/Users/qweezique/.m2/repository"/>
    <property name="java.vendor.url.bug" value="https://bugreport.java.com/bugreport/"/>
    <property name="java.io.tmpdir" value="/var/folders/_0/jwjvkkv53yq2fj089qsr2zp80000gn/T/"/>
    <property name="idea.version" value="2020.3.1"/>
    <property name="java.version" value="15.0.1"/>
    <property name="user.dir" value="/Users/qweezique/IdeaProjects/java_basics/04_NumbersStringsAndDates/homework_4.1/IntegerExperiments"/>
    <property name="os.arch" value="x86_64"/>
    <property name="java.vm.specification.name" value="Java Virtual Machine Specification"/>
    <property name="java.library.path" value="/Users/qweezique/Library/Java/Extensions:/Library/Java/Extensions:/Network/Library/Java/Extensions:/System/Library/Java/Extensions:/usr/lib/java:."/>
    <property name="java.vm.info" value="mixed mode, sharing"/>
    <property name="java.vendor" value="Oracle Corporation"/>
    <property name="java.vm.version" value="15.0.1+9-18"/>
    <property name="sun.io.unicode.encoding" value="UnicodeBig"/>
    <property name="socksNonProxyHosts" value="local|*.local|169.254/16|*.169.254/16"/>
    <property name="java.class.version" value="59.0"/>
  </properties>
  <testcase name="testPositiveWithZeroNumber" classname="TestSumDigits" time="0.025"/>
  <testcase name="testPositiveNotZeroNumber" classname="TestSumDigits" time="0.002"/>
  <testcase name="testNullNumber" classname="TestSumDigits" time="0.002"/>
  <testcase name="testZeroNumber" classname="TestSumDigits" time="0.001"/>
</testsuite>